0 info it worked if it ends with ok
1 verbose cli [ 'C:\\Users\\jdani\\AppData\\Local\\.meteor\\packages\\meteor-tool\\1.4.3_1\\mt-os.windows.x86_32\\dev_bundle\\bin\\node.exe',
1 verbose cli   'C:\\Users\\jdani\\AppData\\Local\\.meteor\\packages\\meteor-tool\\1.4.3_1\\mt-os.windows.x86_32\\dev_bundle\\lib\\node_modules\\npm\\bin\\npm-cli.js',
1 verbose cli   'run',
1 verbose cli   'lint' ]
2 info using npm@4.1.2
3 info using node@v4.7.3
4 verbose run-script [ 'prelint', 'lint', 'postlint' ]
5 info lifecycle connect-4@~prelint: connect-4@
6 silly lifecycle connect-4@~prelint: no script for prelint, continuing
7 info lifecycle connect-4@~lint: connect-4@
8 verbose lifecycle connect-4@~lint: unsafe-perm in lifecycle true
9 verbose lifecycle connect-4@~lint: PATH: C:\Users\jdani\AppData\Local\.meteor\packages\meteor-tool\1.4.3_1\mt-os.windows.x86_32\dev_bundle\lib\node_modules\npm\bin\node-gyp-bin;C:\Users\jdani\Documents\Universidad\6to\Web\Proyectos\Proyecto3\connect-4\node_modules\.bin;C:\Users\jdani\AppData\Local\.meteor\packages\meteor-tool\1.4.3_1\mt-os.windows.x86_32\dev_bundle\bin;C:\Users\jdani\AppData\Local\.meteor\packages\meteor-tool\1.4.3_1\mt-os.windows.x86_32\dev_bundle\lib\node_modules\.bin;C:\ProgramData\Oracle\Java\javapath;C:\WINDOWS\system32;C:\WINDOWS;C:\WINDOWS\System32\Wbem;C:\WINDOWS\System32\WindowsPowerShell\v1.0\;C:\Program Files (x86)\Common Files\lenovo\easyplussdk\bin;C:\Program Files\nodejs\;C:\Program Files (x86)\Heroku\bin;C:\Program Files (x86)\git\cmd;C:\Program Files (x86)\Git\cmd;C:\ProgramData\chocolatey\bin;C:\Program Files\Intel\WiFi\bin\;C:\Program Files\Common Files\Intel\WirelessCommon\;C:\Ruby22-x64\bin;C:\Users\jdani\AppData\Local\Microsoft\WindowsApps;C:\Users\jdani\AppData\Roaming\npm;C:\Program Files\Sublime Text 3;%SUBLIME%;C:\Program Files\MongoDB\Server\3.4\bin;C:\Users\jdani\AppData\Local\.meteor;C:\Users\jdani\AppData\Local\now-cli
10 verbose lifecycle connect-4@~lint: CWD: C:\Users\jdani\Documents\Universidad\6to\Web\Proyectos\Proyecto3\connect-4
11 silly lifecycle connect-4@~lint: Args: [ '/d /s /c', 'eslint .' ]
12 silly lifecycle connect-4@~lint: Returned: code: 1  signal: null
13 info lifecycle connect-4@~lint: Failed to exec lint script
14 verbose stack Error: connect-4@ lint: `eslint .`
14 verbose stack Exit status 1
14 verbose stack     at EventEmitter.<anonymous> (C:\Users\jdani\AppData\Local\.meteor\packages\meteor-tool\1.4.3_1\mt-os.windows.x86_32\dev_bundle\lib\node_modules\npm\lib\utils\lifecycle.js:279:16)
14 verbose stack     at emitTwo (events.js:87:13)
14 verbose stack     at EventEmitter.emit (events.js:172:7)
14 verbose stack     at ChildProcess.<anonymous> (C:\Users\jdani\AppData\Local\.meteor\packages\meteor-tool\1.4.3_1\mt-os.windows.x86_32\dev_bundle\lib\node_modules\npm\lib\utils\spawn.js:40:14)
14 verbose stack     at emitTwo (events.js:87:13)
14 verbose stack     at ChildProcess.emit (events.js:172:7)
14 verbose stack     at maybeClose (internal/child_process.js:854:16)
14 verbose stack     at Process.ChildProcess._handle.onexit (internal/child_process.js:222:5)
15 verbose pkgid connect-4@
16 verbose cwd C:\Users\jdani\Documents\Universidad\6to\Web\Proyectos\Proyecto3\connect-4
17 error Windows_NT 10.0.14393
18 error argv "C:\\Users\\jdani\\AppData\\Local\\.meteor\\packages\\meteor-tool\\1.4.3_1\\mt-os.windows.x86_32\\dev_bundle\\bin\\node.exe" "C:\\Users\\jdani\\AppData\\Local\\.meteor\\packages\\meteor-tool\\1.4.3_1\\mt-os.windows.x86_32\\dev_bundle\\lib\\node_modules\\npm\\bin\\npm-cli.js" "run" "lint"
19 error node v4.7.3
20 error npm  v4.1.2
21 error code ELIFECYCLE
22 error connect-4@ lint: `eslint .`
22 error Exit status 1
23 error Failed at the connect-4@ lint script 'eslint .'.
23 error Make sure you have the latest version of node.js and npm installed.
23 error If you do, this is most likely a problem with the connect-4 package,
23 error not with npm itself.
23 error Tell the author that this fails on your system:
23 error     eslint .
23 error You can get information on how to open an issue for this project with:
23 error     npm bugs connect-4
23 error Or if that isn't available, you can get their info via:
23 error     npm owner ls connect-4
23 error There is likely additional logging output above.
24 verbose exit [ 1, true ]
